TN:
SF:F:\my life\pro\andela\essencials\Final challege\QuickCredit\server\controlers\User.js
FN:17,(anonymous_0)
FN:18,(anonymous_1)
FN:20,(anonymous_2)
FN:40,(anonymous_3)
FN:41,(anonymous_4)
FN:42,(anonymous_5)
FN:60,(anonymous_6)
FN:61,(anonymous_7)
FN:74,(anonymous_8)
FN:81,(anonymous_9)
FN:82,(anonymous_10)
FN:84,(anonymous_11)
FN:93,(anonymous_12)
FN:108,(anonymous_13)
FN:114,(anonymous_14)
FN:115,(anonymous_15)
FN:116,(anonymous_16)
FN:118,(anonymous_17)
FN:127,(anonymous_18)
FN:152,(anonymous_19)
FN:159,(anonymous_20)
FN:160,(anonymous_21)
FN:161,(anonymous_22)
FN:188,(anonymous_23)
FNF:24
FNH:24
FNDA:2,(anonymous_0)
FNDA:2,(anonymous_1)
FNDA:1,(anonymous_2)
FNDA:4,(anonymous_3)
FNDA:3,(anonymous_4)
FNDA:3,(anonymous_5)
FNDA:2,(anonymous_6)
FNDA:2,(anonymous_7)
FNDA:1,(anonymous_8)
FNDA:9,(anonymous_9)
FNDA:8,(anonymous_10)
FNDA:8,(anonymous_11)
FNDA:6,(anonymous_12)
FNDA:1,(anonymous_13)
FNDA:4,(anonymous_14)
FNDA:3,(anonymous_15)
FNDA:3,(anonymous_16)
FNDA:2,(anonymous_17)
FNDA:1,(anonymous_18)
FNDA:1,(anonymous_19)
FNDA:7,(anonymous_20)
FNDA:5,(anonymous_21)
FNDA:5,(anonymous_22)
FNDA:2,(anonymous_23)
DA:18,2
DA:19,2
DA:20,1
DA:21,1
DA:30,1
DA:41,4
DA:42,3
DA:43,3
DA:44,1
DA:49,2
DA:60,2
DA:61,2
DA:62,2
DA:74,1
DA:78,4
DA:82,9
DA:84,8
DA:85,8
DA:86,1
DA:92,7
DA:93,6
DA:102,1
DA:108,1
DA:115,4
DA:116,3
DA:117,3
DA:118,2
DA:119,2
DA:120,1
DA:127,1
DA:129,1
DA:130,7
DA:131,1
DA:132,1
DA:144,1
DA:152,1
DA:156,4
DA:160,7
DA:161,5
DA:162,5
DA:163,5
DA:164,5
DA:165,5
DA:166,4
DA:167,2
DA:168,2
DA:176,2
DA:182,1
DA:188,2
LF:49
LH:49
BRDA:19,0,0,1
BRDA:19,0,1,1
BRDA:19,1,0,2
BRDA:19,1,1,1
BRDA:43,2,0,1
BRDA:43,2,1,2
BRDA:85,3,0,1
BRDA:85,3,1,7
BRDA:92,4,0,6
BRDA:92,4,1,1
BRDA:117,5,0,2
BRDA:117,5,1,1
BRDA:117,6,0,3
BRDA:117,6,1,2
BRDA:119,7,0,1
BRDA:119,7,1,1
BRDA:130,8,0,1
BRDA:130,8,1,6
BRDA:165,9,0,4
BRDA:165,9,1,1
BRDA:166,10,0,2
BRDA:166,10,1,2
BRF:22
BRH:22
end_of_record
TN:
SF:F:\my life\pro\andela\essencials\Final challege\QuickCredit\server\controlers\loan.js
FN:20,(anonymous_0)
FN:24,(anonymous_1)
FN:25,(anonymous_2)
FN:26,(anonymous_3)
FN:28,(anonymous_4)
FN:53,(anonymous_5)
FN:78,(anonymous_6)
FN:84,(anonymous_7)
FN:85,(anonymous_8)
FN:87,(anonymous_9)
FN:104,(anonymous_10)
FN:105,(anonymous_11)
FN:107,(anonymous_12)
FN:132,(anonymous_13)
FN:133,(anonymous_14)
FN:134,(anonymous_15)
FN:137,(anonymous_16)
FN:172,(anonymous_17)
FN:179,(anonymous_18)
FN:180,(anonymous_19)
FN:181,(anonymous_20)
FN:184,(anonymous_21)
FN:221,(anonymous_22)
FN:228,(anonymous_23)
FN:229,(anonymous_24)
FN:230,(anonymous_25)
FN:232,(anonymous_26)
FN:289,(anonymous_27)
FN:303,(anonymous_28)
FN:324,(anonymous_29)
FN:330,(anonymous_30)
FN:331,(anonymous_31)
FN:332,(anonymous_32)
FN:334,(anonymous_33)
FN:341,(anonymous_34)
FN:383,(anonymous_35)
FN:389,(anonymous_36)
FN:390,(anonymous_37)
FN:392,(anonymous_38)
FN:437,(anonymous_39)
FN:438,(anonymous_40)
FN:439,(anonymous_41)
FN:441,(anonymous_42)
FN:448,(anonymous_43)
FN:463,(anonymous_44)
FN:496,(anonymous_45)
FNF:46
FNH:44
FNDA:1,(anonymous_0)
FNDA:4,(anonymous_1)
FNDA:3,(anonymous_2)
FNDA:3,(anonymous_3)
FNDA:2,(anonymous_4)
FNDA:1,(anonymous_5)
FNDA:1,(anonymous_6)
FNDA:2,(anonymous_7)
FNDA:2,(anonymous_8)
FNDA:1,(anonymous_9)
FNDA:3,(anonymous_10)
FNDA:3,(anonymous_11)
FNDA:2,(anonymous_12)
FNDA:4,(anonymous_13)
FNDA:3,(anonymous_14)
FNDA:3,(anonymous_15)
FNDA:2,(anonymous_16)
FNDA:1,(anonymous_17)
FNDA:5,(anonymous_18)
FNDA:4,(anonymous_19)
FNDA:4,(anonymous_20)
FNDA:3,(anonymous_21)
FNDA:1,(anonymous_22)
FNDA:5,(anonymous_23)
FNDA:3,(anonymous_24)
FNDA:3,(anonymous_25)
FNDA:2,(anonymous_26)
FNDA:0,(anonymous_27)
FNDA:0,(anonymous_28)
FNDA:2,(anonymous_29)
FNDA:5,(anonymous_30)
FNDA:4,(anonymous_31)
FNDA:4,(anonymous_32)
FNDA:3,(anonymous_33)
FNDA:3,(anonymous_34)
FNDA:1,(anonymous_35)
FNDA:3,(anonymous_36)
FNDA:3,(anonymous_37)
FNDA:2,(anonymous_38)
FNDA:7,(anonymous_39)
FNDA:6,(anonymous_40)
FNDA:6,(anonymous_41)
FNDA:5,(anonymous_42)
FNDA:3,(anonymous_43)
FNDA:1,(anonymous_44)
FNDA:1,(anonymous_45)
DA:16,1
DA:17,1
DA:21,1
DA:25,4
DA:26,3
DA:27,3
DA:28,2
DA:29,2
DA:30,1
DA:35,1
DA:36,1
DA:37,1
DA:38,1
DA:39,1
DA:40,1
DA:53,1
DA:54,1
DA:55,0
DA:60,1
DA:69,1
DA:78,1
DA:85,2
DA:86,2
DA:87,1
DA:88,1
DA:94,1
DA:105,3
DA:106,3
DA:107,2
DA:108,2
DA:109,1
DA:115,1
DA:122,1
DA:133,4
DA:134,3
DA:135,3
DA:136,3
DA:137,2
DA:138,2
DA:139,0
DA:144,2
DA:145,12
DA:146,1
DA:149,2
DA:150,1
DA:155,1
DA:164,1
DA:172,1
DA:176,4
DA:180,5
DA:181,4
DA:182,4
DA:183,4
DA:184,3
DA:185,3
DA:186,0
DA:191,3
DA:192,3
DA:193,3
DA:194,18
DA:195,6
DA:198,3
DA:199,1
DA:204,2
DA:213,1
DA:221,1
DA:225,5
DA:229,5
DA:230,3
DA:231,3
DA:232,2
DA:233,2
DA:234,0
DA:240,2
DA:241,2
DA:242,2
DA:253,2
DA:255,2
DA:256,2
DA:257,12
DA:258,2
DA:259,2
DA:262,2
DA:263,1
DA:268,1
DA:275,1
DA:281,1
DA:282,1
DA:289,1
DA:290,0
DA:291,0
DA:293,0
DA:297,0
DA:303,0
DA:304,0
DA:305,0
DA:307,0
DA:315,1
DA:324,2
DA:331,5
DA:332,4
DA:333,4
DA:334,3
DA:335,3
DA:336,0
DA:341,3
DA:342,3
DA:343,1
DA:347,2
DA:348,1
DA:349,1
DA:350,1
DA:351,1
DA:360,1
DA:366,1
DA:374,1
DA:383,1
DA:390,3
DA:391,3
DA:392,2
DA:393,2
DA:394,0
DA:400,2
DA:401,2
DA:402,6
DA:403,2
DA:411,2
DA:412,1
DA:418,1
DA:426,1
DA:438,7
DA:439,6
DA:440,6
DA:441,5
DA:442,5
DA:443,1
DA:447,4
DA:448,3
DA:449,3
DA:450,1
DA:454,2
DA:455,1
DA:463,1
DA:464,1
DA:465,1
DA:473,1
DA:480,1
DA:487,1
DA:496,1
LF:149
LH:135
BRDA:27,0,0,2
BRDA:27,0,1,1
BRDA:27,1,0,3
BRDA:27,1,1,3
BRDA:27,1,2,2
BRDA:29,2,0,1
BRDA:29,2,1,1
BRDA:54,3,0,0
BRDA:54,3,1,1
BRDA:86,4,0,1
BRDA:86,4,1,1
BRDA:86,5,0,2
BRDA:86,5,1,2
BRDA:86,5,2,1
BRDA:106,6,0,2
BRDA:106,6,1,1
BRDA:106,7,0,3
BRDA:106,7,1,3
BRDA:106,7,2,2
BRDA:108,8,0,1
BRDA:108,8,1,1
BRDA:136,9,0,2
BRDA:136,9,1,1
BRDA:136,10,0,3
BRDA:136,10,1,3
BRDA:136,10,2,2
BRDA:138,11,0,0
BRDA:138,11,1,2
BRDA:145,12,0,1
BRDA:145,12,1,11
BRDA:145,13,0,12
BRDA:145,13,1,4
BRDA:149,14,0,1
BRDA:149,14,1,1
BRDA:183,15,0,3
BRDA:183,15,1,1
BRDA:183,16,0,4
BRDA:183,16,1,4
BRDA:183,16,2,3
BRDA:185,17,0,0
BRDA:185,17,1,3
BRDA:191,18,0,2
BRDA:191,18,1,1
BRDA:194,19,0,6
BRDA:194,19,1,12
BRDA:194,20,0,18
BRDA:194,20,1,8
BRDA:194,20,2,8
BRDA:194,20,3,6
BRDA:198,21,0,1
BRDA:198,21,1,2
BRDA:231,22,0,2
BRDA:231,22,1,1
BRDA:231,23,0,3
BRDA:231,23,1,3
BRDA:231,23,2,2
BRDA:233,24,0,0
BRDA:233,24,1,2
BRDA:257,25,0,2
BRDA:257,25,1,10
BRDA:257,26,0,12
BRDA:257,26,1,3
BRDA:262,27,0,1
BRDA:262,27,1,1
BRDA:281,28,0,1
BRDA:281,28,1,0
BRDA:290,29,0,0
BRDA:290,29,1,0
BRDA:304,30,0,0
BRDA:304,30,1,0
BRDA:333,31,0,3
BRDA:333,31,1,1
BRDA:333,32,0,4
BRDA:333,32,1,4
BRDA:333,32,2,3
BRDA:335,33,0,0
BRDA:335,33,1,3
BRDA:342,34,0,1
BRDA:342,34,1,2
BRDA:347,35,0,1
BRDA:347,35,1,1
BRDA:347,36,0,2
BRDA:347,36,1,2
BRDA:391,37,0,2
BRDA:391,37,1,1
BRDA:391,38,0,3
BRDA:391,38,1,3
BRDA:391,38,2,2
BRDA:393,39,0,0
BRDA:393,39,1,2
BRDA:402,40,0,2
BRDA:402,40,1,4
BRDA:402,41,0,6
BRDA:402,41,1,2
BRDA:411,42,0,1
BRDA:411,42,1,1
BRDA:440,43,0,5
BRDA:440,43,1,1
BRDA:440,44,0,6
BRDA:440,44,1,6
BRDA:440,44,2,5
BRDA:442,45,0,1
BRDA:442,45,1,4
BRDA:447,46,0,3
BRDA:447,46,1,1
BRDA:449,47,0,1
BRDA:449,47,1,2
BRDA:454,48,0,1
BRDA:454,48,1,1
BRDA:454,49,0,2
BRDA:454,49,1,2
BRDA:464,50,0,1
BRDA:464,50,1,0
BRF:113
BRH:101
end_of_record
TN:
SF:F:\my life\pro\andela\essencials\Final challege\QuickCredit\server\models\LoanModel.js
FN:2,(anonymous_0)
FN:79,(anonymous_1)
FN:87,(anonymous_2)
FN:88,(anonymous_3)
FN:91,(anonymous_4)
FN:95,(anonymous_5)
FN:96,(anonymous_6)
FN:99,(anonymous_7)
FN:104,(anonymous_8)
FNF:9
FNH:9
FNDA:1,(anonymous_0)
FNDA:3,(anonymous_1)
FNDA:6,(anonymous_2)
FNDA:19,(anonymous_3)
FNDA:9,(anonymous_4)
FNDA:9,(anonymous_5)
FNDA:34,(anonymous_6)
FNDA:3,(anonymous_7)
FNDA:3,(anonymous_8)
DA:3,1
DA:58,1
DA:80,3
DA:81,1
DA:83,2
DA:84,2
DA:88,19
DA:92,9
DA:96,34
DA:100,3
DA:105,3
DA:106,1
DA:108,2
DA:109,2
LF:14
LH:14
BRDA:80,0,0,1
BRDA:80,0,1,2
BRDA:105,1,0,1
BRDA:105,1,1,2
BRF:4
BRH:4
end_of_record
TN:
SF:F:\my life\pro\andela\essencials\Final challege\QuickCredit\server\models\UserModel.js
FN:3,(anonymous_0)
FN:42,(anonymous_1)
FN:50,(anonymous_2)
FN:51,(anonymous_3)
FN:54,(anonymous_4)
FN:55,(anonymous_5)
FN:58,(anonymous_6)
FNF:7
FNH:7
FNDA:1,(anonymous_0)
FNDA:5,(anonymous_1)
FNDA:20,(anonymous_2)
FNDA:66,(anonymous_3)
FNDA:93,(anonymous_4)
FNDA:223,(anonymous_5)
FNDA:3,(anonymous_6)
DA:4,1
DA:5,1
DA:43,5
DA:44,1
DA:46,4
DA:47,4
DA:51,66
DA:55,223
DA:59,3
LF:9
LH:9
BRDA:43,0,0,1
BRDA:43,0,1,4
BRF:2
BRH:2
end_of_record
TN:
SF:F:\my life\pro\andela\essencials\Final challege\QuickCredit\server\routers\LoanRouter.js
FNF:0
FNH:0
DA:7,1
DA:9,1
DA:10,1
DA:11,1
DA:12,1
DA:13,1
DA:14,1
DA:15,1
DA:16,1
DA:17,1
LF:10
LH:10
BRF:0
BRH:0
end_of_record
TN:
SF:F:\my life\pro\andela\essencials\Final challege\QuickCredit\server\routers\UserRouter.js
FNF:0
FNH:0
DA:8,1
DA:10,1
DA:11,1
DA:12,1
DA:13,1
DA:14,1
LF:6
LH:6
BRF:0
BRH:0
end_of_record
TN:
SF:F:\my life\pro\andela\essencials\Final challege\QuickCredit\server\routers\WelcomeRouter.js
FN:7,(anonymous_0)
FNF:1
FNH:0
FNDA:0,(anonymous_0)
DA:5,1
DA:7,1
DA:8,0
LF:3
LH:2
BRF:0
BRH:0
end_of_record
TN:
SF:F:\my life\pro\andela\essencials\Final challege\QuickCredit\server\system-root\server.js
FN:11,(anonymous_0)
FN:23,(anonymous_1)
FN:24,(anonymous_2)
FNF:3
FNH:3
FNDA:67,(anonymous_0)
FNDA:3,(anonymous_1)
FNDA:3,(anonymous_2)
DA:9,1
DA:10,1
DA:11,1
DA:12,67
DA:13,67
DA:14,67
DA:17,1
DA:18,1
DA:19,1
DA:20,1
DA:21,1
DA:23,1
DA:24,3
DA:25,3
DA:27,3
DA:29,1
LF:16
LH:16
BRDA:10,0,0,1
BRDA:10,0,1,1
BRDA:23,1,0,1
BRDA:24,2,0,3
BRDA:24,2,1,1
BRDA:25,3,0,3
BRDA:25,3,1,1
BRF:7
BRH:7
end_of_record
TN:
SF:F:\my life\pro\andela\essencials\Final challege\QuickCredit\server\tests\data-helpers\helper.js
FNF:0
FNH:0
DA:2,1
DA:3,1
DA:4,1
DA:6,1
DA:14,1
DA:25,1
DA:30,1
DA:38,1
DA:46,1
DA:50,1
DA:54,1
DA:58,1
DA:62,1
DA:66,1
DA:70,1
DA:73,1
DA:77,1
DA:78,1
DA:79,1
DA:80,1
DA:83,1
LF:21
LH:21
BRF:0
BRH:0
end_of_record
TN:
SF:F:\my life\pro\andela\essencials\Final challege\QuickCredit\server\utils\auth.js
FN:10,(anonymous_0)
FN:14,(anonymous_1)
FN:24,(anonymous_2)
FN:39,(anonymous_3)
FN:44,(anonymous_4)
FNF:5
FNH:4
FNDA:1,(anonymous_0)
FNDA:52,(anonymous_1)
FNDA:51,(anonymous_2)
FNDA:8,(anonymous_3)
FNDA:0,(anonymous_4)
DA:11,1
DA:15,52
DA:16,52
DA:17,1
DA:22,51
DA:23,51
DA:24,51
DA:25,51
DA:26,0
DA:28,51
DA:29,51
DA:32,0
DA:40,8
DA:41,8
DA:45,0
DA:46,0
LF:16
LH:12
BRDA:16,0,0,1
BRDA:16,0,1,51
BRDA:25,1,0,0
BRDA:25,1,1,51
BRF:4
BRH:3
end_of_record
TN:
SF:F:\my life\pro\andela\essencials\Final challege\QuickCredit\server\utils\constants.js
FNF:0
FNH:0
DA:1,1
DA:2,1
DA:3,1
DA:6,1
DA:7,1
DA:8,1
DA:9,1
DA:10,1
DA:12,1
DA:13,1
DA:14,1
DA:15,1
DA:16,1
DA:17,1
DA:18,1
DA:19,1
DA:20,1
LF:17
LH:17
BRF:0
BRH:0
end_of_record
TN:
SF:F:\my life\pro\andela\essencials\Final challege\QuickCredit\server\utils\res_messages.js
FNF:0
FNH:0
LF:0
LH:0
BRF:0
BRH:0
end_of_record
TN:
SF:F:\my life\pro\andela\essencials\Final challege\QuickCredit\server\utils\status.js
FNF:0
FNH:0
LF:0
LH:0
BRF:0
BRH:0
end_of_record
TN:
SF:F:\my life\pro\andela\essencials\Final challege\QuickCredit\server\utils\validation.js
FN:4,(anonymous_0)
FNF:1
FNH:1
FNDA:1,(anonymous_0)
DA:5,1
LF:1
LH:1
BRF:0
BRH:0
end_of_record
